[2014-03-04 16:53:40] (ERROR @ /setup/index.php) Could not copy /var/www/modx/core/packages/core/modContext/cbf91b1b4d239da76136249442c35ea6/0/ to /var/www/modx/index.php
[2014-03-04 16:53:40] (ERROR @ /setup/index.php) Could not copy /var/www/modx/core/packages/core/modContext/cbf91b1b4d239da76136249442c35ea6/1/ to /var/www/modx/ht.access
[2014-03-04 16:53:40] (ERROR @ /setup/index.php) Could not copy /var/www/modx/core/packages/core/modContext/8dd1d9c03f2fbb7dc630840f54aff726/0/ to /var/www/modx/manager/assets
[2014-03-04 16:53:40] (ERROR @ /setup/index.php) Could not copy /var/www/modx/core/packages/core/modContext/8dd1d9c03f2fbb7dc630840f54aff726/1/ to /var/www/modx/manager/controllers
[2014-03-04 16:53:40] (ERROR @ /setup/index.php) Could not copy /var/www/modx/core/packages/core/modContext/8dd1d9c03f2fbb7dc630840f54aff726/2/ to /var/www/modx/manager/templates
[2014-03-04 16:53:40] (ERROR @ /setup/index.php) Could not copy /var/www/modx/core/packages/core/modContext/8dd1d9c03f2fbb7dc630840f54aff726/3/ to /var/www/modx/manager/min
[2014-03-04 16:53:40] (ERROR @ /setup/index.php) Could not copy /var/www/modx/core/packages/core/modContext/8dd1d9c03f2fbb7dc630840f54aff726/4/ to /var/www/modx/manager/ht.access
[2014-03-04 16:53:40] (ERROR @ /setup/index.php) Could not copy /var/www/modx/core/packages/core/modContext/8dd1d9c03f2fbb7dc630840f54aff726/5/ to /var/www/modx/manager/cache.manifest.php
[2014-03-04 16:53:40] (ERROR @ /setup/index.php) Could not copy /var/www/modx/core/packages/core/modContext/8dd1d9c03f2fbb7dc630840f54aff726/6/ to /var/www/modx/manager/index.php
[2014-03-04 16:53:40] (ERROR @ /setup/index.php) Could not install files from /var/www/modx/core/packages/core/xPDOFileVehicle/034dd46a96cde676dade2016fde908ff/ to /var/www/modx/connectors/
[2014-03-04 16:53:40] (ERROR @ /setup/index.php) Could not install files from /var/www/modx/core/packages/core/xPDOFileVehicle/ffcde5596e9fc309370a5c509acc9461/ to /var/www/modx/connectors/
[2014-03-04 16:53:40] (ERROR @ /setup/index.php) Could not install files from /var/www/modx/core/packages/core/xPDOFileVehicle/ee7d9e614c5ab44da9c4a23b26cdb2a1/ to /var/www/modx/connectors/
[2014-03-04 16:53:40] (ERROR @ /setup/index.php) Could not install files from /var/www/modx/core/packages/core/xPDOFileVehicle/77a8da3ace103d4380544fd5862016bb/ to /var/www/modx/connectors/
[2014-03-04 16:53:40] (ERROR @ /setup/index.php) Could not install files from /var/www/modx/core/packages/core/xPDOFileVehicle/809ecccf38ad035bb9259763b5709c18/ to /var/www/modx/connectors/
[2014-03-04 16:53:40] (ERROR @ /setup/index.php) Could not install files from /var/www/modx/core/packages/core/xPDOFileVehicle/f20d32114cad57180b4e1416a1085346/ to /var/www/modx/connectors/
[2014-03-04 16:53:40] (ERROR @ /setup/index.php) Could not install files from /var/www/modx/core/packages/core/xPDOFileVehicle/78954dc103b5bb8167a70a3db9e24b72/ to /var/www/modx/connectors/
[2014-03-04 16:53:40] (ERROR @ /setup/index.php) Could not install files from /var/www/modx/core/packages/core/xPDOFileVehicle/8c048060f5cf558139b728f849e094e9/ to /var/www/modx/connectors/
[2014-03-04 16:53:40] (ERROR @ /setup/index.php) Could not install files from /var/www/modx/core/packages/core/xPDOFileVehicle/f30531af5d7c087107a583fb69ab2b7f/ to /var/www/modx/connectors/
[2014-03-04 16:53:40] (ERROR @ /setup/index.php) Could not install files from /var/www/modx/core/packages/core/xPDOFileVehicle/31fd7a8f6410cb1abdcdca15e1e36ba8/ to /var/www/modx/connectors/
[2014-03-04 16:53:40] (ERROR @ /setup/index.php) Could not install files from /var/www/modx/core/packages/core/xPDOFileVehicle/632f35b87338d904934579470a96c210/ to /var/www/modx/connectors/
[2014-03-04 16:53:41] (ERROR @ /setup/index.php) modUser: Attempt to set NOT NULL field username to NULL
[2014-03-04 16:53:41] (ERROR @ /setup/index.php) modUserProfile: Attempt to set NOT NULL field email to NULL
[2014-03-04 16:53:41] (ERROR @ /setup/index.php) modSystemSetting: Attempt to set NOT NULL field value to NULL
